  game.c
  main.c
c:\users\alexandre\desktop\development\cranberryking\cranberryking_transformhierarchy\source\cranberry_math.h(79): warning C4204: nonstandard extension used: non-constant aggregate initializer (compiling source file ..\..\..\Source\game.c)
c:\users\alexandre\desktop\development\cranberryking\cranberryking_transformhierarchy\source\cranberry_math.h(79): warning C4204: nonstandard extension used: non-constant aggregate initializer (compiling source file ..\..\..\Source\main.c)
c:\users\alexandre\desktop\development\cranberryking\cranberryking_transformhierarchy\source\cranberry_math.h(93): warning C4204: nonstandard extension used: non-constant aggregate initializer (compiling source file ..\..\..\Source\game.c)
c:\users\alexandre\desktop\development\cranberryking\cranberryking_transformhierarchy\source\cranberry_math.h(93): warning C4204: nonstandard extension used: non-constant aggregate initializer (compiling source file ..\..\..\Source\main.c)
c:\users\alexandre\desktop\development\cranberryking\cranberryking_transformhierarchy\source\cranberry_math.h(107): warning C4204: nonstandard extension used: non-constant aggregate initializer (compiling source file ..\..\..\Source\game.c)
c:\users\alexandre\desktop\development\cranberryking\cranberryking_transformhierarchy\source\cranberry_math.h(107): warning C4204: nonstandard extension used: non-constant aggregate initializer (compiling source file ..\..\..\Source\main.c)
c:\users\alexandre\desktop\development\cranberryking\cranberryking_transformhierarchy\source\cranberry_math.h(121): warning C4204: nonstandard extension used: non-constant aggregate initializer (compiling source file ..\..\..\Source\game.c)
c:\users\alexandre\desktop\development\cranberryking\cranberryking_transformhierarchy\source\cranberry_math.h(121): warning C4204: nonstandard extension used: non-constant aggregate initializer (compiling source file ..\..\..\Source\main.c)
c:\users\alexandre\desktop\development\cranberryking\cranberryking_transformhierarchy\source\cranberry_math.h(144): warning C4204: nonstandard extension used: non-constant aggregate initializer (compiling source file ..\..\..\Source\game.c)
c:\users\alexandre\desktop\development\cranberryking\cranberryking_transformhierarchy\source\cranberry_math.h(144): warning C4204: nonstandard extension used: non-constant aggregate initializer (compiling source file ..\..\..\Source\main.c)
c:\users\alexandre\desktop\development\cranberryking\cranberryking_transformhierarchy\source\cranberry_math.h(156): warning C4204: nonstandard extension used: non-constant aggregate initializer (compiling source file ..\..\..\Source\game.c)
c:\users\alexandre\desktop\development\cranberryking\cranberryking_transformhierarchy\source\cranberry_math.h(156): warning C4204: nonstandard extension used: non-constant aggregate initializer (compiling source file ..\..\..\Source\main.c)
c:\users\alexandre\desktop\development\cranberryking\cranberryking_transformhierarchy\source\cranberry_math.h(168): warning C4204: nonstandard extension used: non-constant aggregate initializer (compiling source file ..\..\..\Source\game.c)
c:\users\alexandre\desktop\development\cranberryking\cranberryking_transformhierarchy\source\cranberry_math.h(168): warning C4204: nonstandard extension used: non-constant aggregate initializer (compiling source file ..\..\..\Source\main.c)
c:\users\alexandre\desktop\development\cranberryking\cranberryking_transformhierarchy\source\cranberry_math.h(174): warning C4204: nonstandard extension used: non-constant aggregate initializer (compiling source file ..\..\..\Source\game.c)
c:\users\alexandre\desktop\development\cranberryking\cranberryking_transformhierarchy\source\cranberry_math.h(174): warning C4204: nonstandard extension used: non-constant aggregate initializer (compiling source file ..\..\..\Source\main.c)
c:\users\alexandre\desktop\development\cranberryking\cranberryking_transformhierarchy\source\cranberry_math.h(214): warning C4204: nonstandard extension used: non-constant aggregate initializer (compiling source file ..\..\..\Source\game.c)
c:\users\alexandre\desktop\development\cranberryking\cranberryking_transformhierarchy\source\cranberry_math.h(214): warning C4204: nonstandard extension used: non-constant aggregate initializer (compiling source file ..\..\..\Source\main.c)
c:\users\alexandre\desktop\development\cranberryking\cranberryking_transformhierarchy\source\cranberry_math.h(263): warning C4204: nonstandard extension used: non-constant aggregate initializer (compiling source file ..\..\..\Source\game.c)
c:\users\alexandre\desktop\development\cranberryking\cranberryking_transformhierarchy\source\cranberry_math.h(263): warning C4204: nonstandard extension used: non-constant aggregate initializer (compiling source file ..\..\..\Source\main.c)
c:\users\alexandre\desktop\development\cranberryking\cranberryking_transformhierarchy\source\cranberry_math.h(277): warning C4204: nonstandard extension used: non-constant aggregate initializer (compiling source file ..\..\..\Source\game.c)
c:\users\alexandre\desktop\development\cranberryking\cranberryking_transformhierarchy\source\cranberry_math.h(277): warning C4204: nonstandard extension used: non-constant aggregate initializer (compiling source file ..\..\..\Source\main.c)
c:\users\alexandre\desktop\development\cranberryking\cranberryking_transformhierarchy\source\cranberry_math.h(282): warning C4204: nonstandard extension used: non-constant aggregate initializer (compiling source file ..\..\..\Source\game.c)
c:\users\alexandre\desktop\development\cranberryking\cranberryking_transformhierarchy\source\cranberry_math.h(282): warning C4204: nonstandard extension used: non-constant aggregate initializer (compiling source file ..\..\..\Source\main.c)
c:\users\alexandre\desktop\development\cranberryking\cranberryking_transformhierarchy\source\cranberry_math.h(346): warning C4204: nonstandard extension used: non-constant aggregate initializer (compiling source file ..\..\..\Source\game.c)
c:\users\alexandre\desktop\development\cranberryking\cranberryking_transformhierarchy\source\cranberry_math.h(346): warning C4204: nonstandard extension used: non-constant aggregate initializer (compiling source file ..\..\..\Source\main.c)
c:\users\alexandre\desktop\development\cranberryking\cranberryking_transformhierarchy\source\cranberry_math.h(358): warning C4204: nonstandard extension used: non-constant aggregate initializer (compiling source file ..\..\..\Source\game.c)
c:\users\alexandre\desktop\development\cranberryking\cranberryking_transformhierarchy\source\cranberry_math.h(358): warning C4204: nonstandard extension used: non-constant aggregate initializer (compiling source file ..\..\..\Source\main.c)
c:\users\alexandre\desktop\development\cranberryking\cranberryking_transformhierarchy\source\cranberry_hierarchy.h(132): warning C4204: nonstandard extension used: non-constant aggregate initializer (compiling source file ..\..\..\Source\main.c)
c:\users\alexandre\desktop\development\cranberryking\cranberryking_transformhierarchy\source\3rd\sokol_gfx.h(2718): warning C4100: 'desc': unreferenced formal parameter (compiling source file ..\..\..\Source\main.c)
c:\users\alexandre\desktop\development\cranberryking\cranberryking_transformhierarchy\source\main.c(96): warning C4221: nonstandard extension used: 'content': cannot be initialized using address of automatic variable 'indices'
  c:\users\alexandre\desktop\development\cranberryking\cranberryking_transformhierarchy\source\main.c(87): note: see declaration of 'indices'
c:\users\alexandre\desktop\development\cranberryking\cranberryking_transformhierarchy\source\main.c(96): warning C4204: nonstandard extension used: non-constant aggregate initializer
c:\users\alexandre\desktop\development\cranberryking\cranberryking_transformhierarchy\source\main.c(107): warning C4204: nonstandard extension used: non-constant aggregate initializer
c:\users\alexandre\desktop\development\cranberryking\cranberryking_transformhierarchy\source\main.c(105): warning C4204: nonstandard extension used: non-constant aggregate initializer
c:\users\alexandre\desktop\development\cranberryking\cranberryking_transformhierarchy\source\main.c(124): warning C4204: nonstandard extension used: non-constant aggregate initializer
c:\users\alexandre\desktop\development\cranberryking\cranberryking_transformhierarchy\source\main.c(118): warning C4204: nonstandard extension used: non-constant aggregate initializer
c:\users\alexandre\desktop\development\cranberryking\cranberryking_transformhierarchy\source\main.c(139): warning C4204: nonstandard extension used: non-constant aggregate initializer
c:\users\alexandre\desktop\development\cranberryking\cranberryking_transformhierarchy\source\main.c(150): warning C4204: nonstandard extension used: non-constant aggregate initializer
c:\users\alexandre\desktop\development\cranberryking\cranberryking_transformhierarchy\source\main.c(154): warning C4204: nonstandard extension used: non-constant aggregate initializer
c:\users\alexandre\desktop\development\cranberryking\cranberryking_transformhierarchy\source\main.c(176): warning C4204: nonstandard extension used: non-constant aggregate initializer
c:\users\alexandre\desktop\development\cranberryking\cranberryking_transformhierarchy\source\main.c(209): warning C4204: nonstandard extension used: non-constant aggregate initializer
c:\users\alexandre\desktop\development\cranberryking\cranberryking_transformhierarchy\source\main.c(205): warning C4100: 'argv': unreferenced formal parameter
c:\users\alexandre\desktop\development\cranberryking\cranberryking_transformhierarchy\source\main.c(205): warning C4100: 'argc': unreferenced formal parameter
c:\users\alexandre\desktop\development\cranberryking\cranberryking_transformhierarchy\source\game.c(59): warning C4311: 'type cast': pointer truncation from 'LPVOID' to 'unsigned int'
c:\users\alexandre\desktop\development\cranberryking\cranberryking_transformhierarchy\source\game.c(105): warning C4204: nonstandard extension used: non-constant aggregate initializer
c:\users\alexandre\desktop\development\cranberryking\cranberryking_transformhierarchy\source\game.c(117): warning C4204: nonstandard extension used: non-constant aggregate initializer
c:\users\alexandre\desktop\development\cranberryking\cranberryking_transformhierarchy\source\game.c(180): warning C4312: 'type cast': conversion from 'unsigned int' to 'LPVOID' of greater size
c:\users\alexandre\desktop\development\cranberryking\cranberryking_transformhierarchy\source\game.c(133): warning C4204: nonstandard extension used: non-constant aggregate initializer
c:\users\alexandre\desktop\development\cranberryking\cranberryking_transformhierarchy\source\game.c(134): warning C4204: nonstandard extension used: non-constant aggregate initializer
c:\users\alexandre\desktop\development\cranberryking\cranberryking_transformhierarchy\source\game.c(136): warning C4204: nonstandard extension used: non-constant aggregate initializer
c:\users\alexandre\desktop\development\cranberryking\cranberryking_transformhierarchy\source\game.c(149): warning C4204: nonstandard extension used: non-constant aggregate initializer
c:\users\alexandre\desktop\development\cranberryking\cranberryking_transformhierarchy\source\game.c(150): warning C4204: nonstandard extension used: non-constant aggregate initializer
c:\users\alexandre\desktop\development\cranberryking\cranberryking_transformhierarchy\source\game.c(152): warning C4204: nonstandard extension used: non-constant aggregate initializer
c:\users\alexandre\desktop\development\cranberryking\cranberryking_transformhierarchy\source\game.c(235): warning C4204: nonstandard extension used: non-constant aggregate initializer
  TransformHierarchy.vcxproj -> C:\Users\Alexandre\Desktop\Development\CranberryKing\CranberryKing_TransformHierarchy\Project\TransformHierarchy\x64\Debug\TransformHierarchy.exe
